<?xml version="1.0" encoding="UTF-8"?>
<testsuite xmlns:xsi="http://www.w3.org/2001/XMLSchema-instance" xsi:schemaLocation="https://maven.apache.org/surefire/maven-surefire-plugin/xsd/surefire-test-report.xsd" name="TestSuite" time="293.633" tests="8" errors="0" skipped="0" failures="2">
  <properties>
[...]
</properties>
  <testcase name="driverInitalization" classname="TestExecutionSuite.BasicFunctionalExecutionSuite" time="3.293"/>
  <testcase name="openUrl" classname="TestExecutionSuite.BasicFunctionalExecutionSuite" time="3.958"/>
  <testcase name="loginPage" classname="TestExecutionSuite.BasicFunctionalExecutionSuite" time="5.653"/>
  <testcase name="addHeadphoneToCart" classname="TestExecutionSuite.BasicFunctionalExecutionSuite" time="18.872"/>
  <testcase name="AddTwoLaptops" classname="TestExecutionSuite.BasicFunctionalExecutionSuite" time="13.527"/>
  <testcase name="removeheadphonefromcart" classname="TestExecutionSuite.BasicFunctionalExecutionSuite" time="243.973">
    <failure message="Expected condition failed: waiting for element to be clickable: Proxy element for: DefaultElementLocator &apos;By.xpath: //*[@id=&quot;search&quot;]/div[1]/div[2]/div/span[3]/div[1]/div[2]/div/div/div/div[2]/div[1]/div/div/span/a/div/img&apos; (tried for 100 second(s) with 500 milliseconds interval)" type="org.openqa.selenium.TimeoutException">org.openqa.selenium.TimeoutException: Expected condition failed: waiting for element to be clickable: Proxy element for: DefaultElementLocator 'By.xpath: //*[@id="search"]/div[1]/div[2]/div/span[3]/div[1]/div[2]/div/div/div/div[2]/div[1]/div/div/span/a/div/img' (tried for 100 second(s) with 500 milliseconds interval)
	at TestExecutionSuite.BasicFunctionalExecutionSuite.removeheadphonefromcart(BasicFunctionalExecutionSuite.java:72)
Caused by: org.openqa.selenium.NoSuchElementException: 
Unable to locate element: //*[@id="search"]/div[1]/div[2]/div/span[3]/div[1]/div[2]/div/div/div/div[2]/div[1]/div/div/span/a/div/img
For documentation on this error, please visit: https://www.seleniumhq.org/exceptions/no_such_element.html
Build info: version: '3.141.59', revision: 'e82be7d358', time: '2018-11-14T08:17:03'
System info: host: 'yogeshs-MacBook-Pro.local', ip: 'fe80:0:0:0:18cd:d112:616f:cd81%en0', os.name: 'Mac OS X', os.arch: 'x86_64', os.version: '10.14.5', java.version: '1.8.0_212'
Driver info: org.openqa.selenium.firefox.FirefoxDriver
Capabilities {acceptInsecureCerts: true, browserName: firefox, browserVersion: 67.0.2, javascriptEnabled: true, moz:accessibilityChecks: false, moz:buildID: 20190607204818, moz:geckodriverVersion: 0.24.0, moz:headless: false, moz:processID: 40395, moz:profile: /var/folders/nt/gfhgmqy52p5..., moz:shutdownTimeout: 60000, moz:useNonSpecCompliantPointerOrigin: false, moz:webdriverClick: true, pageLoadStrategy: normal, platform: MAC, platformName: MAC, platformVersion: 18.6.0, rotatable: false, setWindowRect: true, strictFileInteractability: false, timeouts: {implicit: 0, pageLoad: 300000, script: 30000}, unhandledPromptBehavior: dismiss and notify}
Session ID: 0885bec3-240f-ca4e-9396-05d124f463ae
*** Element info: {Using=xpath, value=//*[@id="search"]/div[1]/div[2]/div/span[3]/div[1]/div[2]/div/div/div/div[2]/div[1]/div/div/span/a/div/img}
	at TestExecutionSuite.BasicFunctionalExecutionSuite.removeheadphonefromcart(BasicFunctionalExecutionSuite.java:72)
</failure>
    <system-out><![CDATA[Control Enters into LoginPOM Constructor
Control Exits LoginPOM Constructor
Click on your cart 
]]></system-out>
    <system-err><![CDATA[JavaScript warning: https://images-na.ssl-images-amazon.com/images/G/01/AUIClients/FWCIMAssets.51c2a8513bb855c92a49e78dbeab4f9e24afeb55._V2_.js, line 385: Error: WebGL warning: getContext: Disallowing antialiased backbuffers due to blacklisting.
console.error: BroadcastService: 
  receivedBroadcastMessage: handler for
  remote-settings/monitor_changes
  threw error:
  Message: Error: Polling for changes failed: http://%(server)s/dummy/blocklist//buckets/monitor/collections/changes/records?_expected=%221560988804002%22 is not a valid URL..
  Stack:
    remoteSettingsFunction/remoteSettings.pollChanges@resource://services-settings/remote-settings.js:203:13

JavaScript warning: https://images-na.ssl-images-amazon.com/images/G/01/AUIClients/FWCIMAssets.51c2a8513bb855c92a49e78dbeab4f9e24afeb55._V2_.js, line 385: Error: WebGL warning: getContext: Disallowing antialiased backbuffers due to blacklisting.
JavaScript warning: https://images-na.ssl-images-amazon.com/images/G/01/AUIClients/FWCIMAssets.51c2a8513bb855c92a49e78dbeab4f9e24afeb55._V2_.js, line 385: Error: WebGL warning: getContext: Disallowing antialiased backbuffers due to blacklisting.
JavaScript warning: https://images-na.ssl-images-amazon.com/images/G/01/AUIClients/FWCIMAssets.51c2a8513bb855c92a49e78dbeab4f9e24afeb55._V2_.js, line 385: Error: WebGL warning: getContext: Disallowing antialiased backbuffers due to blacklisting.
]]></system-err>
  </testcase>
  <testcase name="proceedToCheckout" classname="TestExecutionSuite.BasicFunctionalExecutionSuite" time="3.509"/>
  <testcase name="aftersuite" classname="TestExecutionSuite.BasicFunctionalExecutionSuite" time="3.683">
    <failure message="Malformed URL: ./Reports/Report.html is not a valid URL.&#10;Build info: version: &apos;3.141.59&apos;, revision: &apos;e82be7d358&apos;, time: &apos;2018-11-14T08:17:03&apos;&#10;System info: host: &apos;yogeshs-MacBook-Pro.local&apos;, ip: &apos;fe80:0:0:0:18cd:d112:616f:cd81%en0&apos;, os.name: &apos;Mac OS X&apos;, os.arch: &apos;x86_64&apos;, os.version: &apos;10.14.5&apos;, java.version: &apos;1.8.0_212&apos;&#10;Driver info: org.openqa.selenium.firefox.FirefoxDriver&#10;Capabilities {acceptInsecureCerts: true, browserName: firefox, browserVersion: 67.0.2, javascriptEnabled: true, moz:accessibilityChecks: false, moz:buildID: 20190607204818, moz:geckodriverVersion: 0.24.0, moz:headless: false, moz:processID: 40395, moz:profile: /var/folders/nt/gfhgmqy52p5..., moz:shutdownTimeout: 60000, moz:useNonSpecCompliantPointerOrigin: false, moz:webdriverClick: true, pageLoadStrategy: normal, platform: MAC, platformName: MAC, platformVersion: 18.6.0, rotatable: false, setWindowRect: true, strictFileInteractability: false, timeouts: {implicit: 0, pageLoad: 300000, script: 30000}, unhandledPromptBehavior: dismiss and notify}&#10;Session ID: 0885bec3-240f-ca4e-9396-05d124f463ae" type="org.openqa.selenium.InvalidArgumentException">org.openqa.selenium.InvalidArgumentException: 
Malformed URL: ./Reports/Report.html is not a valid URL.
Build info: version: '3.141.59', revision: 'e82be7d358', time: '2018-11-14T08:17:03'
System info: host: 'yogeshs-MacBook-Pro.local', ip: 'fe80:0:0:0:18cd:d112:616f:cd81%en0', os.name: 'Mac OS X', os.arch: 'x86_64', os.version: '10.14.5', java.version: '1.8.0_212'
Driver info: org.openqa.selenium.firefox.FirefoxDriver
Capabilities {acceptInsecureCerts: true, browserName: firefox, browserVersion: 67.0.2, javascriptEnabled: true, moz:accessibilityChecks: false, moz:buildID: 20190607204818, moz:geckodriverVersion: 0.24.0, moz:headless: false, moz:processID: 40395, moz:profile: /var/folders/nt/gfhgmqy52p5..., moz:shutdownTimeout: 60000, moz:useNonSpecCompliantPointerOrigin: false, moz:webdriverClick: true, pageLoadStrategy: normal, platform: MAC, platformName: MAC, platformVersion: 18.6.0, rotatable: false, setWindowRect: true, strictFileInteractability: false, timeouts: {implicit: 0, pageLoad: 300000, script: 30000}, unhandledPromptBehavior: dismiss and notify}
Session ID: 0885bec3-240f-ca4e-9396-05d124f463ae
	at TestExecutionSuite.BasicFunctionalExecutionSuite.aftersuite(BasicFunctionalExecutionSuite.java:101)
</failure>
  </testcase>
</testsuite>